{
  "RSpec": {
    "coverage": {
      "/Users/joshuapowell/gems/gamechanger/lib/gamechanger.rb": {
        "lines": [
          null,
          null,
          1,
          1,
          1,
          1,
          1,
          1,
          1,
          1,
          1,
          1,
          1,
          1,
          1,
          1,
          1,
          1,
          null,
          1,
          1,
          1,
          1,
          1,
          1,
          1,
          null
        ],
        "branches": {}
      },
      "/Users/joshuapowell/gems/gamechanger/lib/gamechanger/config.rb": {
        "lines": [
          null,
          null,
          1,
          1,
          null,
          1,
          1,
          1,
          1,
          1,
          null,
          1,
          null,
          1,
          55,
          55,
          55,
          null,
          null,
          1,
          4,
          null,
          null,
          1,
          15,
          15,
          null,
          15,
          15,
          15,
          15,
          15,
          null,
          15,
          15,
          null,
          null,
          1,
          6,
          null,
          5,
          4,
          3,
          null,
          2,
          null,
          1,
          null,
          null,
          1,
          3,
          3,
          3,
          null,
          null,
          null,
          1,
          2,
          null,
          null,
          1,
          null,
          1,
          70,
          21,
          21,
          null,
          null,
          49,
          48,
          48,
          48,
          48,
          48,
          null,
          null,
          48,
          null,
          1,
          null,
          null,
          1,
          11,
          11,
          null,
          null,
          1,
          15,
          15,
          null,
          null,
          null,
          null
        ],
        "branches": {
          "[:if, 0, 25, 6, 25, 78]": {
            "[:then, 1, 25, 6, 25, 48]": 0,
            "[:else, 2, 25, 6, 25, 78]": 15
          },
          "[:if, 3, 26, 6, 26, 81]": {
            "[:then, 4, 26, 6, 26, 51]": 0,
            "[:else, 5, 26, 6, 26, 81]": 15
          },
          "[:if, 6, 29, 6, 29, 51]": {
            "[:then, 7, 29, 6, 29, 38]": 6,
            "[:else, 8, 29, 6, 29, 51]": 9
          },
          "[:if, 9, 30, 6, 30, 53]": {
            "[:then, 10, 30, 6, 30, 40]": 6,
            "[:else, 11, 30, 6, 30, 53]": 9
          },
          "[:if, 12, 31, 6, 31, 50]": {
            "[:then, 13, 31, 6, 31, 37]": 0,
            "[:else, 14, 31, 6, 31, 50]": 15
          },
          "[:unless, 15, 39, 6, 39, 49]": {
            "[:else, 16, 39, 6, 39, 49]": 5,
            "[:then, 17, 39, 6, 39, 16]": 1
          },
          "[:if, 18, 42, 6, 42, 46]": {
            "[:then, 19, 42, 6, 42, 16]": 1,
            "[:else, 20, 42, 6, 42, 46]": 3
          },
          "[:if, 21, 43, 6, 43, 65]": {
            "[:then, 22, 43, 6, 43, 16]": 1,
            "[:else, 23, 43, 6, 43, 65]": 2
          },
          "[:if, 24, 58, 6, 58, 60]": {
            "[:then, 25, 58, 6, 58, 31]": 1,
            "[:else, 26, 58, 6, 58, 60]": 1
          },
          "[:unless, 27, 64, 6, 67, 9]": {
            "[:else, 28, 64, 6, 67, 9]": 49,
            "[:then, 29, 65, 8, 66, 14]": 21
          }
        }
      },
      "/Users/joshuapowell/gems/gamechanger/lib/gamechanger/client.rb": {
        "lines": [
          null,
          null,
          1,
          1,
          1,
          1,
          null,
          1,
          null,
          null,
          null,
          null,
          null,
          1,
          1,
          1,
          1,
          1,
          1,
          null,
          null,
          1,
          1,
          null,
          1,
          null,
          1,
          1,
          null,
          1,
          24,
          24,
          null,
          null,
          null,
          null,
          null,
          null,
          null,
          1,
          33,
          33,
          null,
          5,
          5,
          null,
          2,
          2,
          2,
          null,
          2,
          2,
          null,
          1,
          1,
          null,
          null,
          null,
          null,
          1,
          5,
          5,
          null,
          null,
          null,
          null,
          1,
          12,
          12,
          null,
          null,
          null,
          null,
          null,
          1,
          10,
          10,
          null,
          null,
          1,
          null,
          1,
          27,
          null,
          null,
          1,
          34,
          null,
          null,
          null,
          null,
          null,
          null,
          34,
          34,
          34,
          null,
          null,
          1,
          null,
          1,
          null,
          1,
          null,
          null,
          1,
          34,
          34,
          null,
          34,
          34,
          34,
          34,
          34,
          34,
          34,
          null,
          null,
          34,
          34,
          null,
          34,
          34,
          null,
          null,
          1,
          31,
          null,
          26,
          null,
          1,
          null,
          3,
          2,
          2,
          2,
          null,
          1,
          null,
          null,
          1,
          null,
          null,
          null,
          1,
          26,
          null,
          26,
          null,
          1,
          null,
          null,
          null,
          null
        ],
        "branches": {
          "[:if, 0, 42, 6, 42, 29]": {
            "[:then, 1, 42, 6, 42, 19]": 28,
            "[:else, 2, 42, 6, 42, 29]": 5
          },
          "[:\"&.\", 3, 47, 18, 47, 40]": {
            "[:then, 4, 47, 18, 47, 40]": 2,
            "[:else, 5, 47, 18, 47, 40]": 0
          },
          "[:\"&.\", 6, 48, 18, 48, 42]": {
            "[:then, 7, 48, 18, 48, 42]": 2,
            "[:else, 8, 48, 18, 48, 42]": 0
          },
          "[:if, 9, 49, 6, 49, 76]": {
            "[:then, 10, 49, 6, 49, 62]": 0,
            "[:else, 11, 49, 6, 49, 76]": 2
          },
          "[:if, 12, 107, 14, 107, 64]": {
            "[:then, 13, 107, 32, 107, 47]": 5,
            "[:else, 14, 107, 50, 107, 64]": 29
          },
          "[:if, 15, 120, 6, 120, 38]": {
            "[:then, 16, 120, 6, 120, 29]": 29,
            "[:else, 17, 120, 6, 120, 38]": 5
          },
          "[:if, 18, 122, 6, 122, 29]": {
            "[:then, 19, 122, 6, 122, 21]": 5,
            "[:else, 20, 122, 6, 122, 29]": 29
          },
          "[:case, 21, 127, 6, 142, 9]": {
            "[:when, 22, 129, 8, 129, 33]": 26,
            "[:when, 23, 131, 8, 131, 103]": 1,
            "[:when, 24, 133, 8, 139, 11]": 3,
            "[:else, 25, 141, 8, 141, 92]": 1
          },
          "[:if, 26, 133, 8, 139, 11]": {
            "[:then, 27, 134, 10, 136, 71]": 2,
            "[:else, 28, 138, 10, 138, 89]": 1
          },
          "[:if, 29, 146, 6, 146, 49]": {
            "[:then, 30, 146, 6, 146, 15]": 0,
            "[:else, 31, 146, 6, 146, 49]": 26
          }
        }
      },
      "/Users/joshuapowell/gems/gamechanger/lib/gamechanger/storage.rb": {
        "lines": [
          null,
          null,
          1,
          1,
          null,
          1,
          null,
          null,
          null,
          null,
          null,
          1,
          1,
          1,
          null,
          null,
          null,
          null,
          1,
          null,
          null,
          null,
          null,
          null,
          null,
          null,
          null,
          null,
          null,
          null,
          null,
          null,
          null,
          null,
          null,
          null,
          null,
          null,
          null,
          null,
          null,
          null,
          null,
          null,
          null,
          null,
          null,
          null,
          null,
          null,
          null,
          null,
          null,
          null,
          null,
          null,
          null,
          null,
          null,
          null,
          null,
          null,
          null,
          null,
          null,
          1,
          104,
          104,
          null,
          null,
          1,
          94,
          92,
          90,
          null,
          2,
          2,
          2,
          null,
          null,
          null,
          1,
          98,
          null,
          null,
          1,
          98,
          null,
          null,
          1,
          92,
          null,
          2,
          null,
          null,
          null,
          null,
          1,
          301,
          301,
          null,
          null,
          null,
          null,
          null,
          null,
          null,
          null,
          null,
          null,
          null,
          null,
          null,
          null,
          null,
          null,
          1,
          86,
          86,
          86,
          100,
          null,
          null,
          null,
          null,
          null,
          null,
          null,
          null,
          null,
          null,
          null,
          null,
          null,
          null,
          null,
          null,
          1,
          189,
          189,
          189,
          231,
          null,
          null,
          null,
          null,
          null,
          null,
          null,
          null,
          null,
          null,
          null,
          null,
          null,
          null,
          null,
          null,
          null,
          1,
          7,
          null,
          null,
          null,
          null,
          null,
          null,
          null,
          null,
          null,
          null,
          null,
          null,
          null,
          null,
          null,
          null,
          null,
          null,
          null,
          null,
          null,
          null,
          null,
          null,
          null,
          null,
          null,
          null,
          1,
          6,
          null,
          null,
          null,
          null,
          5,
          6,
          null,
          3,
          null,
          null,
          null,
          null,
          null,
          null,
          null,
          null,
          null,
          null,
          null,
          null,
          null,
          null,
          null,
          1,
          5,
          5,
          null,
          null,
          null,
          null,
          null,
          null,
          null,
          null,
          null,
          null,
          null,
          null,
          null,
          null,
          null,
          null,
          null,
          null,
          null,
          null,
          null,
          null,
          null,
          null,
          null,
          null,
          null,
          null,
          null,
          1,
          13,
          null,
          null,
          null,
          null,
          13,
          null,
          null,
          null,
          null,
          null,
          null,
          null,
          null,
          null,
          null,
          null,
          null,
          null,
          null,
          null,
          null,
          null,
          null,
          null,
          null,
          null,
          null,
          null,
          null,
          null,
          null,
          null,
          null,
          null,
          null,
          null,
          null,
          null,
          null,
          null,
          null,
          null,
          null,
          null,
          null,
          null,
          null,
          null,
          null,
          null,
          null,
          null,
          null,
          null,
          null,
          null,
          51,
          null,
          null,
          null,
          null,
          null,
          null,
          null,
          1,
          10,
          null,
          null,
          null,
          null,
          null,
          null,
          null,
          null,
          null,
          null,
          null,
          null,
          null,
          null,
          null,
          null,
          null,
          null,
          null,
          null,
          null,
          null,
          null,
          null,
          null,
          null,
          null,
          null,
          null,
          null,
          null,
          null,
          null,
          null,
          null,
          null,
          null,
          null,
          null,
          null,
          null,
          null,
          null,
          null,
          null,
          null,
          null,
          null,
          null,
          null,
          null,
          null,
          null,
          null,
          null,
          null,
          null,
          null,
          null,
          null,
          null,
          null,
          null,
          null,
          null,
          null,
          null,
          null,
          null,
          null,
          null,
          null,
          null,
          null,
          null,
          null,
          null,
          null,
          null,
          null,
          null,
          null,
          null,
          null,
          null,
          null,
          null,
          null,
          null,
          null,
          null,
          null,
          null,
          1,
          4,
          null,
          null,
          null,
          null,
          null,
          null,
          null,
          null,
          null,
          null,
          null,
          null,
          null,
          null,
          null,
          null,
          null,
          1,
          3,
          null,
          null,
          null,
          null,
          null,
          null,
          null,
          null,
          null,
          null,
          null,
          null,
          null,
          null,
          1,
          26,
          null,
          null,
          null,
          1,
          2,
          2,
          null,
          null,
          null,
          null,
          null,
          null,
          null,
          1,
          6,
          null,
          null,
          null,
          null,
          null,
          null,
          null,
          null,
          null,
          null,
          null,
          null,
          null,
          null,
          null,
          null,
          null,
          null,
          null,
          null,
          1,
          4,
          null,
          null,
          null,
          null,
          4,
          4,
          null,
          2,
          null,
          null,
          null,
          null,
          null,
          null,
          null,
          null,
          null,
          null,
          null,
          null,
          null,
          1,
          2,
          null,
          null,
          null,
          2,
          1,
          null,
          null,
          null,
          1,
          null,
          null,
          null,
          null,
          1,
          6,
          null,
          null,
          null,
          null,
          null,
          null,
          null,
          null,
          null,
          null,
          1,
          6,
          null,
          null,
          null,
          null,
          null,
          null,
          null,
          null,
          null,
          null,
          null,
          null,
          null,
          null,
          null,
          null,
          null,
          null,
          null,
          null,
          null,
          null,
          null,
          null,
          null,
          null,
          null,
          null,
          null,
          null,
          null,
          null,
          null,
          null,
          null,
          1,
          5,
          null,
          null,
          null,
          null,
          null,
          null,
          1,
          2,
          null,
          null,
          1,
          89,
          89,
          null,
          null,
          1,
          null,
          1,
          1124,
          null,
          1,
          null,
          null,
          1,
          92,
          2,
          null,
          null,
          92,
          91,
          91,
          null,
          91,
          91,
          91,
          91,
          null,
          91,
          2,
          4,
          null,
          null,
          null,
          91,
          null,
          null,
          1,
          91,
          null,
          null,
          null,
          null,
          null,
          null,
          91,
          null,
          364,
          273,
          273,
          273,
          null,
          null,
          null,
          null,
          1,
          576,
          null,
          null,
          null
        ],
        "branches": {
          "[:if, 0, 73, 8, 79, 11]": {
            "[:then, 1, 74, 10, 74, 20]": 90,
            "[:else, 2, 76, 10, 78, 13]": 2
          },
          "[:if, 3, 91, 6, 91, 49]": {
            "[:then, 4, 91, 6, 91, 23]": 90,
            "[:else, 5, 91, 6, 91, 49]": 2
          },
          "[:unless, 6, 197, 6, 197, 47]": {
            "[:else, 7, 197, 6, 197, 47]": 3,
            "[:then, 8, 197, 6, 197, 20]": 3
          },
          "[:unless, 9, 487, 6, 487, 47]": {
            "[:else, 10, 487, 6, 487, 47]": 2,
            "[:then, 11, 487, 6, 487, 20]": 2
          },
          "[:\"&.\", 12, 580, 6, 580, 18]": {
            "[:then, 13, 580, 6, 580, 18]": 80,
            "[:else, 14, 580, 6, 580, 18]": 9
          },
          "[:if, 15, 593, 6, 595, 9]": {
            "[:then, 16, 594, 8, 594, 74]": 2,
            "[:else, 17, 593, 6, 595, 9]": 90
          },
          "[:unless, 18, 604, 6, 604, 73]": {
            "[:else, 19, 604, 6, 604, 73]": 89,
            "[:then, 20, 604, 6, 604, 47]": 2
          },
          "[:if, 21, 606, 6, 610, 9]": {
            "[:then, 22, 607, 8, 609, 11]": 2,
            "[:else, 23, 606, 6, 610, 9]": 89
          },
          "[:if, 24, 608, 10, 608, 60]": {
            "[:then, 25, 608, 10, 608, 36]": 0,
            "[:else, 26, 608, 10, 608, 60]": 4
          }
        }
      },
      "/Users/joshuapowell/gems/gamechanger/lib/gamechanger/boxscore_parser.rb": {
        "lines": [
          null,
          null,
          1,
          null,
          null,
          null,
          null,
          null,
          null,
          null,
          null,
          null,
          null,
          null,
          null,
          null,
          null,
          null,
          null,
          null,
          null,
          null,
          null,
          null,
          null,
          null,
          1,
          1,
          17,
          17,
          17,
          null,
          null,
          null,
          1,
          16,
          16,
          16,
          null,
          14,
          14,
          18,
          null,
          14,
          null,
          14,
          18,
          18,
          18,
          null,
          null,
          18,
          null,
          null,
          null,
          null,
          null,
          null,
          null,
          1,
          null,
          1,
          16,
          30,
          null,
          null,
          null,
          1,
          36,
          null,
          null,
          null,
          null,
          1,
          67,
          28,
          null,
          null,
          null,
          null,
          1,
          14,
          20,
          null,
          null,
          null,
          null
        ],
        "branches": {
          "[:if, 0, 31, 6, 31, 93]": {
            "[:then, 1, 31, 6, 31, 79]": 1,
            "[:else, 2, 31, 6, 31, 93]": 16
          },
          "[:if, 3, 38, 6, 38, 32]": {
            "[:then, 4, 38, 6, 38, 15]": 2,
            "[:else, 5, 38, 6, 38, 32]": 14
          },
          "[:if, 6, 49, 8, 49, 31]": {
            "[:then, 7, 49, 8, 49, 16]": 0,
            "[:else, 8, 49, 8, 49, 31]": 18
          },
          "[:if, 9, 76, 6, 76, 41]": {
            "[:then, 10, 76, 14, 76, 36]": 26,
            "[:else, 11, 76, 39, 76, 41]": 2
          }
        }
      },
      "/Users/joshuapowell/gems/gamechanger/lib/gamechanger/batter_stats_parser.rb": {
        "lines": [
          null,
          null,
          1,
          null,
          null,
          null,
          null,
          null,
          null,
          null,
          null,
          null,
          null,
          null,
          null,
          1,
          1,
          20,
          20,
          20,
          null,
          null,
          null,
          1,
          19,
          19,
          19,
          null,
          17,
          33,
          33,
          null,
          32,
          null,
          32,
          null,
          null,
          null,
          null,
          null,
          null,
          null,
          null,
          1,
          null,
          1,
          19,
          46,
          null,
          null,
          null,
          1,
          44,
          null,
          null,
          null
        ],
        "branches": {
          "[:if, 0, 20, 6, 20, 93]": {
            "[:then, 1, 20, 6, 20, 79]": 1,
            "[:else, 2, 20, 6, 20, 93]": 19
          },
          "[:if, 3, 27, 6, 27, 30]": {
            "[:then, 4, 27, 6, 27, 15]": 2,
            "[:else, 5, 27, 6, 27, 30]": 17
          },
          "[:if, 6, 31, 8, 31, 31]": {
            "[:then, 7, 31, 8, 31, 16]": 1,
            "[:else, 8, 31, 8, 31, 31]": 32
          }
        }
      },
      "/Users/joshuapowell/gems/gamechanger/lib/gamechanger/pitch_rules.rb": {
        "lines": [
          null,
          null,
          1,
          1,
          1,
          null,
          null,
          1,
          null,
          null,
          null,
          null,
          null,
          1,
          120,
          120,
          null,
          null,
          1,
          908,
          null,
          null,
          1,
          209,
          null,
          204,
          null,
          null,
          1,
          550,
          null,
          161,
          null,
          null,
          1,
          44,
          null,
          null,
          1,
          null,
          null
        ],
        "branches": {
          "[:\"&.\", 0, 20, 6, 20, 61]": {
            "[:then, 1, 20, 6, 20, 61]": 219,
            "[:else, 2, 20, 6, 20, 61]": 0
          },
          "[:if, 3, 24, 6, 24, 48]": {
            "[:then, 4, 24, 6, 24, 23]": 5,
            "[:else, 5, 24, 6, 24, 48]": 204
          },
          "[:if, 6, 30, 6, 30, 42]": {
            "[:then, 7, 30, 6, 30, 17]": 389,
            "[:else, 8, 30, 6, 30, 42]": 161
          }
        }
      },
      "/Users/joshuapowell/gems/gamechanger/lib/gamechanger/tournament_planner.rb": {
        "lines": [
          null,
          null,
          1,
          null,
          1,
          null,
          null,
          null,
          null,
          null,
          null,
          null,
          1,
          null,
          null,
          null,
          null,
          null,
          null,
          null,
          null,
          null,
          null,
          null,
          null,
          null,
          null,
          null,
          1,
          1,
          1,
          null,
          null,
          null,
          null,
          null,
          null,
          1,
          27,
          27,
          27,
          27,
          27,
          null,
          null,
          null,
          1,
          38,
          null,
          null,
          null,
          1,
          6,
          6,
          6,
          17,
          null,
          null,
          null,
          null,
          null,
          null,
          null,
          null,
          null,
          1,
          null,
          1,
          27,
          134,
          134,
          null,
          null,
          null,
          null,
          null,
          null,
          null,
          null,
          null,
          1,
          27,
          null,
          27,
          57,
          57,
          null,
          57,
          null,
          57,
          57,
          null,
          57,
          57,
          null,
          57,
          null,
          null,
          null,
          null,
          57,
          null,
          57,
          null,
          null,
          null,
          27,
          null,
          null,
          null,
          null,
          1,
          451,
          392,
          318,
          318,
          null,
          null,
          57,
          16,
          5,
          14,
          null,
          null,
          null,
          57,
          null,
          null,
          null,
          1,
          750,
          110,
          114,
          null,
          110,
          110,
          null,
          null,
          null,
          1,
          502,
          502,
          502,
          null,
          428,
          428,
          null,
          null,
          null,
          1,
          110,
          110,
          null,
          null,
          null,
          1,
          110,
          110,
          110,
          110,
          110,
          110,
          null,
          null,
          1,
          57,
          null,
          null,
          null
        ],
        "branches": {
          "[:\"&.\", 0, 41, 15, 41, 28]": {
            "[:then, 1, 41, 15, 41, 28]": 3,
            "[:else, 2, 41, 15, 41, 28]": 24
          },
          "[:unless, 3, 54, 8, 54, 41]": {
            "[:else, 4, 54, 8, 54, 41]": 3,
            "[:then, 5, 54, 8, 54, 21]": 3
          },
          "[:if, 6, 93, 8, 93, 74]": {
            "[:then, 7, 93, 8, 93, 57]": 57,
            "[:else, 8, 93, 8, 93, 74]": 0
          },
          "[:if, 9, 94, 8, 94, 76]": {
            "[:then, 10, 94, 8, 94, 59]": 53,
            "[:else, 11, 94, 8, 94, 76]": 4
          },
          "[:if, 12, 101, 28, 101, 64]": {
            "[:then, 13, 101, 43, 101, 58]": 57,
            "[:else, 14, 101, 61, 101, 64]": 0
          },
          "[:if, 15, 103, 28, 103, 66]": {
            "[:then, 16, 103, 44, 103, 60]": 53,
            "[:else, 17, 103, 63, 103, 66]": 4
          },
          "[:if, 18, 119, 6, 124, 9]": {
            "[:then, 19, 120, 8, 123, 11]": 5,
            "[:else, 20, 119, 6, 124, 9]": 52
          },
          "[:if, 21, 121, 8, 123, 11]": {
            "[:then, 22, 122, 10, 122, 63]": 3,
            "[:else, 23, 121, 8, 123, 11]": 2
          },
          "[:unless, 24, 133, 6, 133, 40]": {
            "[:else, 25, 133, 6, 133, 40]": 110,
            "[:then, 26, 133, 6, 133, 23]": 4
          },
          "[:unless, 27, 142, 6, 142, 27]": {
            "[:else, 28, 142, 6, 142, 27]": 502,
            "[:then, 29, 142, 6, 142, 18]": 0
          },
          "[:unless, 30, 143, 6, 143, 104]": {
            "[:else, 31, 143, 6, 143, 104]": 428,
            "[:then, 32, 143, 6, 143, 18]": 74
          },
          "[:if, 33, 162, 6, 162, 63]": {
            "[:then, 34, 162, 6, 162, 30]": 3,
            "[:else, 35, 162, 6, 162, 63]": 107
          }
        }
      },
      "/Users/joshuapowell/gems/gamechanger/lib/gamechanger/lineup_optimizer.rb": {
        "lines": [
          null,
          null,
          1,
          null,
          null,
          null,
          null,
          null,
          null,
          null,
          null,
          null,
          null,
          null,
          1,
          1,
          null,
          null,
          null,
          null,
          1,
          null,
          1,
          20,
          null,
          null,
          1,
          16,
          14,
          null,
          14,
          null,
          null,
          1,
          23,
          null,
          null,
          1,
          null,
          1,
          33,
          null,
          null,
          1,
          26,
          null,
          null,
          1,
          60,
          60,
          null,
          42,
          null,
          null,
          1,
          46,
          46,
          null,
          26,
          null,
          null,
          1,
          23,
          23,
          23,
          23,
          12,
          11,
          10,
          null,
          1,
          null,
          null,
          null,
          1,
          23,
          null,
          null,
          null,
          null,
          null,
          null,
          null,
          null,
          null
        ],
        "branches": {
          "[:if, 0, 50, 6, 50, 31]": {
            "[:then, 1, 50, 6, 50, 16]": 18,
            "[:else, 2, 50, 6, 50, 31]": 42
          },
          "[:if, 3, 57, 6, 57, 31]": {
            "[:then, 4, 57, 6, 57, 16]": 20,
            "[:else, 5, 57, 6, 57, 31]": 26
          },
          "[:if, 6, 66, 6, 72, 9]": {
            "[:then, 7, 67, 8, 67, 13]": 12,
            "[:else, 8, 68, 6, 72, 9]": 11
          },
          "[:if, 9, 68, 6, 72, 9]": {
            "[:then, 10, 69, 8, 69, 13]": 10,
            "[:else, 11, 71, 8, 71, 13]": 1
          }
        }
      },
      "/Users/joshuapowell/gems/gamechanger/lib/gamechanger/development_arc.rb": {
        "lines": [
          null,
          null,
          1,
          null,
          1,
          null,
          null,
          null,
          null,
          null,
          null,
          null,
          null,
          null,
          null,
          null,
          null,
          null,
          null,
          null,
          null,
          null,
          null,
          null,
          null,
          1,
          1,
          1,
          1,
          null,
          1,
          59,
          null,
          null,
          1,
          5,
          23,
          22,
          5,
          null,
          null,
          1,
          39,
          39,
          null,
          39,
          null,
          null,
          null,
          null,
          null,
          null,
          null,
          null,
          null,
          null,
          null,
          null,
          null,
          null,
          null,
          null,
          null,
          null,
          null,
          null,
          null,
          null,
          null,
          null,
          null,
          null,
          1,
          78,
          null,
          42,
          42,
          27,
          15,
          8,
          null,
          7,
          null,
          null,
          null,
          1,
          78,
          null,
          42,
          6,
          5,
          null,
          null,
          36,
          null,
          36,
          32,
          20,
          12,
          7,
          5,
          1,
          null,
          4,
          4,
          null,
          null,
          4,
          1,
          3,
          1,
          2,
          1,
          null,
          1,
          1,
          null,
          null,
          null,
          null,
          1,
          16,
          null,
          13,
          13,
          13,
          null,
          13,
          64,
          64,
          null,
          null,
          null,
          1,
          18,
          18,
          null,
          null,
          1,
          17,
          17,
          null,
          null,
          null
        ],
        "branches": {
          "[:\"&.\", 0, 43, 36, 43, 61]": {
            "[:then, 1, 43, 36, 43, 61]": 33,
            "[:else, 2, 43, 36, 43, 61]": 6
          },
          "[:\"&.\", 3, 43, 70, 43, 96]": {
            "[:then, 4, 43, 70, 43, 96]": 33,
            "[:else, 5, 43, 70, 43, 96]": 6
          },
          "[:\"&.\", 6, 44, 36, 44, 68]": {
            "[:then, 7, 44, 36, 44, 68]": 9,
            "[:else, 8, 44, 36, 44, 68]": 30
          },
          "[:\"&.\", 9, 44, 70, 44, 103]": {
            "[:then, 10, 44, 70, 44, 103]": 9,
            "[:else, 11, 44, 70, 44, 103]": 30
          },
          "[:\"&.\", 12, 48, 32, 48, 57]": {
            "[:then, 13, 48, 32, 48, 57]": 33,
            "[:else, 14, 48, 32, 48, 57]": 6
          },
          "[:\"&.\", 15, 49, 32, 49, 58]": {
            "[:then, 16, 49, 32, 49, 58]": 33,
            "[:else, 17, 49, 32, 49, 58]": 6
          },
          "[:\"&.\", 18, 50, 32, 50, 53]": {
            "[:then, 19, 50, 32, 50, 53]": 33,
            "[:else, 20, 50, 32, 50, 53]": 6
          },
          "[:\"&.\", 21, 51, 32, 51, 61]": {
            "[:then, 22, 51, 32, 51, 61]": 33,
            "[:else, 23, 51, 32, 51, 61]": 6
          },
          "[:\"&.\", 24, 52, 32, 52, 64]": {
            "[:then, 25, 52, 32, 52, 64]": 9,
            "[:else, 26, 52, 32, 52, 64]": 30
          },
          "[:\"&.\", 27, 53, 32, 53, 65]": {
            "[:then, 28, 53, 32, 53, 65]": 9,
            "[:else, 29, 53, 32, 53, 65]": 30
          },
          "[:\"&.\", 30, 54, 32, 54, 60]": {
            "[:then, 31, 54, 32, 54, 60]": 9,
            "[:else, 32, 54, 32, 54, 60]": 30
          },
          "[:\"&.\", 33, 55, 32, 55, 62]": {
            "[:then, 34, 55, 32, 55, 62]": 9,
            "[:else, 35, 55, 32, 55, 62]": 30
          },
          "[:\"&.\", 36, 61, 34, 61, 59]": {
            "[:then, 37, 61, 34, 61, 59]": 33,
            "[:else, 38, 61, 34, 61, 59]": 6
          },
          "[:\"&.\", 39, 61, 61, 61, 87]": {
            "[:then, 40, 61, 61, 61, 87]": 33,
            "[:else, 41, 61, 61, 61, 87]": 6
          },
          "[:\"&.\", 42, 62, 34, 62, 55]": {
            "[:then, 43, 62, 34, 62, 55]": 33,
            "[:else, 44, 62, 34, 62, 55]": 6
          },
          "[:\"&.\", 45, 62, 61, 62, 90]": {
            "[:then, 46, 62, 61, 62, 90]": 33,
            "[:else, 47, 62, 61, 62, 90]": 6
          },
          "[:\"&.\", 48, 66, 34, 66, 66]": {
            "[:then, 49, 66, 34, 66, 66]": 9,
            "[:else, 50, 66, 34, 66, 66]": 30
          },
          "[:\"&.\", 51, 66, 68, 66, 101]": {
            "[:then, 52, 66, 68, 66, 101]": 9,
            "[:else, 53, 66, 68, 66, 101]": 30
          },
          "[:\"&.\", 54, 67, 34, 67, 62]": {
            "[:then, 55, 67, 34, 67, 62]": 9,
            "[:else, 56, 67, 34, 67, 62]": 30
          },
          "[:\"&.\", 57, 67, 68, 67, 98]": {
            "[:then, 58, 67, 68, 67, 98]": 9,
            "[:else, 59, 67, 68, 67, 98]": 30
          },
          "[:unless, 60, 74, 6, 74, 39]": {
            "[:else, 61, 74, 6, 74, 39]": 42,
            "[:then, 62, 74, 6, 74, 16]": 36
          },
          "[:if, 63, 77, 6, 83, 9]": {
            "[:then, 64, 78, 8, 78, 13]": 27,
            "[:else, 65, 79, 6, 83, 9]": 15
          },
          "[:if, 66, 79, 6, 83, 9]": {
            "[:then, 67, 80, 8, 80, 13]": 8,
            "[:else, 68, 82, 8, 82, 13]": 7
          },
          "[:unless, 69, 87, 6, 87, 49]": {
            "[:else, 70, 87, 6, 87, 49]": 42,
            "[:then, 71, 87, 6, 87, 16]": 36
          },
          "[:if, 72, 89, 6, 92, 9]": {
            "[:then, 73, 90, 8, 91, 93]": 6,
            "[:else, 74, 89, 6, 92, 9]": 36
          },
          "[:if, 75, 90, 15, 91, 93]": {
            "[:then, 76, 90, 30, 90, 93]": 1,
            "[:else, 77, 91, 30, 91, 93]": 5
          },
          "[:if, 78, 96, 6, 118, 9]": {
            "[:then, 79, 97, 8, 106, 11]": 32,
            "[:else, 80, 108, 8, 117, 11]": 4
          },
          "[:if, 81, 97, 8, 106, 11]": {
            "[:then, 82, 98, 10, 98, 103]": 20,
            "[:else, 83, 99, 8, 106, 11]": 12
          },
          "[:if, 84, 99, 8, 106, 11]": {
            "[:then, 85, 100, 10, 100, 82]": 7,
            "[:else, 86, 101, 8, 106, 11]": 5
          },
          "[:if, 87, 101, 8, 106, 11]": {
            "[:then, 88, 102, 10, 102, 95]": 1,
            "[:else, 89, 104, 10, 105, 90]": 4
          },
          "[:if, 90, 108, 8, 117, 11]": {
            "[:then, 91, 109, 10, 109, 108]": 1,
            "[:else, 92, 110, 8, 117, 11]": 3
          },
          "[:if, 93, 110, 8, 117, 11]": {
            "[:then, 94, 111, 10, 111, 83]": 1,
            "[:else, 95, 112, 8, 117, 11]": 2
          },
          "[:if, 96, 112, 8, 117, 11]": {
            "[:then, 97, 113, 10, 113, 103]": 1,
            "[:else, 98, 115, 10, 116, 96]": 1
          },
          "[:if, 99, 122, 6, 122, 32]": {
            "[:then, 100, 122, 6, 122, 15]": 3,
            "[:else, 101, 122, 6, 122, 32]": 13
          },
          "[:if, 102, 129, 14, 129, 71]": {
            "[:then, 103, 129, 27, 129, 28]": 4,
            "[:else, 104, 129, 31, 129, 71]": 60
          },
          "[:if, 105, 136, 6, 136, 68]": {
            "[:then, 106, 136, 20, 136, 23]": 0,
            "[:else, 107, 136, 26, 136, 68]": 18
          },
          "[:if, 108, 141, 6, 141, 62]": {
            "[:then, 109, 141, 22, 141, 25]": 0,
            "[:else, 110, 141, 28, 141, 62]": 17
          }
        }
      },
      "/Users/joshuapowell/gems/gamechanger/lib/gamechanger/pre_game_brief.rb": {
        "lines": [
          null,
          null,
          1,
          null,
          null,
          null,
          null,
          null,
          null,
          null,
          null,
          null,
          null,
          null,
          null,
          1,
          1,
          22,
          22,
          22,
          22,
          22,
          22,
          null,
          null,
          null,
          null,
          null,
          null,
          1,
          11,
          13,
          13,
          13,
          13,
          13,
          null,
          13,
          null,
          null,
          null,
          null,
          null,
          13,
          null,
          null,
          null,
          1,
          5,
          null,
          null,
          null,
          null,
          1,
          7,
          null,
          5,
          18,
          18,
          5,
          null,
          null,
          null,
          null,
          null,
          1,
          8,
          null,
          7,
          7,
          null,
          6,
          19,
          10,
          null,
          null,
          null
        ],
        "branches": {
          "[:if, 0, 35, 23, 35, 101]": {
            "[:then, 1, 35, 42, 35, 95]": 13,
            "[:else, 2, 35, 98, 35, 101]": 0
          },
          "[:if, 3, 44, 25, 44, 47]": {
            "[:then, 4, 44, 42, 44, 43]": 11,
            "[:else, 5, 44, 46, 44, 47]": 2
          },
          "[:if, 6, 55, 6, 55, 35]": {
            "[:then, 7, 55, 6, 55, 15]": 2,
            "[:else, 8, 55, 6, 55, 35]": 5
          },
          "[:if, 9, 67, 6, 67, 38]": {
            "[:then, 10, 67, 6, 67, 15]": 1,
            "[:else, 11, 67, 6, 67, 38]": 7
          },
          "[:if, 12, 70, 6, 70, 30]": {
            "[:then, 13, 70, 6, 70, 15]": 1,
            "[:else, 14, 70, 6, 70, 30]": 6
          }
        }
      },
      "/Users/joshuapowell/gems/gamechanger/lib/gamechanger/syncer.rb": {
        "lines": [
          null,
          null,
          1,
          1,
          null,
          null,
          null,
          null,
          null,
          null,
          null,
          null,
          1,
          1,
          14,
          14,
          null,
          null,
          null,
          null,
          null,
          null,
          null,
          null,
          1,
          14,
          null,
          14,
          14,
          null,
          14,
          1,
          null,
          null,
          13,
          1,
          null,
          null,
          null,
          null,
          12,
          12,
          12,
          11,
          11,
          null,
          11,
          19,
          19,
          19,
          null,
          11,
          null,
          22,
          11,
          null,
          9,
          9,
          9,
          9,
          null,
          9,
          9,
          null,
          9,
          8,
          8,
          8,
          16,
          null,
          null,
          null,
          11,
          null,
          null,
          1,
          null,
          null,
          null,
          null,
          1,
          12,
          10,
          2,
          1,
          null,
          1,
          null,
          null,
          38,
          null,
          null,
          null,
          null,
          1,
          19,
          19,
          null,
          19,
          null,
          null,
          null,
          19,
          null,
          null,
          null,
          null,
          null,
          null,
          null,
          1,
          19,
          1,
          9,
          8,
          1,
          null,
          null,
          null,
          null
        ],
        "branches": {
          "[:if, 0, 26, 6, 26, 39]": {
            "[:then, 1, 26, 6, 26, 30]": 1,
            "[:else, 2, 26, 6, 26, 39]": 13
          },
          "[:if, 3, 31, 6, 33, 9]": {
            "[:then, 4, 32, 8, 32, 82]": 1,
            "[:else, 5, 31, 6, 33, 9]": 13
          },
          "[:if, 6, 35, 6, 39, 9]": {
            "[:then, 7, 36, 8, 38, 96]": 1,
            "[:else, 8, 35, 6, 39, 9]": 12
          },
          "[:if, 9, 49, 8, 49, 45]": {
            "[:then, 10, 49, 8, 49, 12]": 0,
            "[:else, 11, 49, 8, 49, 45]": 19
          },
          "[:if, 12, 50, 8, 50, 69]": {
            "[:then, 13, 50, 8, 50, 12]": 8,
            "[:else, 14, 50, 8, 50, 69]": 11
          },
          "[:if, 15, 55, 8, 55, 63]": {
            "[:then, 16, 55, 8, 55, 12]": 2,
            "[:else, 17, 55, 8, 55, 63]": 9
          },
          "[:if, 18, 63, 8, 63, 105]": {
            "[:then, 19, 63, 8, 63, 84]": 8,
            "[:else, 20, 63, 8, 63, 105]": 1
          },
          "[:if, 21, 65, 8, 70, 11]": {
            "[:then, 22, 66, 10, 69, 69]": 8,
            "[:else, 23, 65, 8, 70, 11]": 1
          },
          "[:if, 24, 82, 13, 88, 16]": {
            "[:then, 25, 83, 15, 83, 23]": 10,
            "[:else, 26, 84, 13, 88, 16]": 2
          },
          "[:if, 27, 84, 13, 88, 16]": {
            "[:then, 28, 85, 15, 85, 83]": 1,
            "[:else, 29, 87, 15, 87, 91]": 1
          },
          "[:\"&.\", 30, 99, 18, 99, 60]": {
            "[:then, 31, 99, 18, 99, 60]": 19,
            "[:else, 32, 99, 18, 99, 60]": 0
          },
          "[:\"&.\", 33, 99, 18, 99, 67]": {
            "[:then, 34, 99, 18, 99, 67]": 19,
            "[:else, 35, 99, 18, 99, 67]": 0
          },
          "[:\"&.\", 36, 105, 19, 105, 48]": {
            "[:then, 37, 105, 19, 105, 48]": 19,
            "[:else, 38, 105, 19, 105, 48]": 0
          },
          "[:\"&.\", 39, 106, 19, 106, 44]": {
            "[:then, 40, 106, 19, 106, 44]": 19,
            "[:else, 41, 106, 19, 106, 44]": 0
          },
          "[:case, 42, 112, 6, 117, 9]": {
            "[:when, 43, 113, 40, 113, 47]": 1,
            "[:when, 44, 114, 40, 114, 53]": 9,
            "[:when, 45, 115, 40, 115, 51]": 8,
            "[:else, 46, 116, 11, 116, 35]": 1
          }
        }
      },
      "/Users/joshuapowell/gems/gamechanger/lib/gamechanger/formatters/table.rb": {
        "lines": [
          null,
          null,
          1,
          null,
          1,
          1,
          1,
          1,
          null,
          1,
          6,
          null,
          5,
          null,
          null,
          6,
          6,
          6,
          6,
          null,
          6,
          null,
          null,
          null,
          null,
          null,
          null,
          null,
          null,
          null,
          null,
          null,
          5,
          5,
          null,
          null,
          1,
          5,
          null,
          4,
          null,
          null,
          null,
          4,
          4,
          4,
          4,
          4,
          null,
          4,
          null,
          null,
          null,
          null,
          null,
          null,
          null,
          4,
          null,
          null,
          null,
          4,
          4,
          null,
          null,
          1,
          11,
          2,
          2,
          2,
          null,
          9,
          null,
          null,
          11,
          null,
          11,
          3,
          3,
          null,
          null,
          8,
          9,
          9,
          9,
          9,
          9,
          9,
          9,
          9,
          null,
          9,
          null,
          9,
          1,
          1,
          8,
          6,
          6,
          null,
          2,
          2,
          2,
          null,
          null,
          9,
          null,
          null,
          8,
          8,
          null,
          null,
          1,
          10,
          null,
          9,
          9,
          8,
          null,
          1,
          null,
          null,
          9,
          null,
          9,
          null,
          null,
          null,
          10,
          null,
          null,
          null,
          10,
          null,
          10,
          null,
          null,
          null,
          9,
          9,
          null,
          9,
          3,
          3,
          3,
          4,
          4,
          4,
          null,
          4,
          3,
          3,
          null,
          1,
          1,
          1,
          null,
          null,
          4,
          null,
          null,
          null,
          9,
          9,
          null,
          null,
          1,
          7,
          null,
          6,
          null,
          null,
          7,
          7,
          7,
          7,
          7,
          7,
          7,
          null,
          null,
          6,
          6,
          null,
          null,
          1,
          4,
          null,
          3,
          null,
          null,
          null,
          4,
          4,
          4,
          4,
          4,
          4,
          4,
          null,
          null,
          3,
          3,
          null,
          null,
          1,
          5,
          2,
          null,
          3,
          null,
          null,
          5,
          null,
          5,
          1,
          1,
          1,
          null,
          null,
          4,
          3,
          null,
          null,
          null,
          3,
          null,
          3,
          3,
          null,
          null,
          null,
          null,
          3,
          3,
          null,
          null,
          4,
          2,
          2,
          2,
          3,
          3,
          null,
          null,
          null,
          4,
          4,
          null,
          null,
          1,
          12,
          2,
          2,
          2,
          null,
          10,
          null,
          null,
          12,
          null,
          null,
          12,
          10,
          10,
          null,
          null,
          11,
          11,
          1,
          1,
          10,
          1,
          null,
          9,
          null,
          11,
          null,
          null,
          10,
          10,
          10,
          null,
          null,
          null,
          12,
          12,
          8,
          8,
          7,
          null,
          null,
          null,
          7,
          null,
          7,
          7,
          null,
          null,
          null,
          null,
          7,
          7,
          null,
          8,
          8,
          null,
          8,
          null,
          null,
          null,
          12,
          8,
          8,
          8,
          9,
          9,
          9,
          null,
          8,
          null,
          null,
          null,
          12,
          9,
          9,
          9,
          9,
          7,
          2,
          1,
          null,
          1,
          null,
          9,
          null,
          9,
          null,
          null,
          12,
          null,
          null,
          1,
          8,
          null,
          7,
          7,
          8,
          8,
          8,
          null,
          8,
          8,
          6,
          null,
          2,
          null,
          null,
          2,
          2,
          2,
          2,
          null,
          2,
          null,
          null,
          null,
          null,
          2,
          null,
          null,
          null,
          2,
          2,
          null,
          8,
          null,
          7,
          null,
          null,
          1,
          4,
          null,
          3,
          null,
          3,
          null,
          null,
          6,
          6,
          6,
          6,
          6,
          6,
          null,
          null,
          3,
          3,
          null,
          null,
          1,
          4,
          null,
          3,
          null,
          null,
          3,
          3,
          null,
          3,
          3,
          3,
          null,
          null,
          null,
          3,
          3,
          null,
          null,
          1,
          5,
          null,
          5,
          3,
          3,
          3,
          3,
          3,
          3,
          3,
          3,
          3,
          null,
          null,
          5,
          2,
          2,
          2,
          2,
          2,
          2,
          2,
          2,
          null,
          null,
          5,
          null,
          null,
          1,
          null,
          1,
          29,
          null,
          null,
          1,
          9,
          null,
          null,
          1,
          3,
          null,
          3,
          3,
          3,
          null,
          null,
          1,
          2,
          null,
          2,
          2,
          2,
          null,
          null,
          1,
          7,
          7,
          7,
          7,
          7,
          7,
          null,
          7,
          null,
          5,
          5,
          5,
          null,
          5,
          1,
          4,
          3,
          null,
          1,
          null,
          null,
          null,
          null,
          null
        ],
        "branches": {
          "[:if, 0, 11, 8, 11, 68]": {
            "[:then, 1, 11, 8, 11, 53]": 1,
            "[:else, 2, 11, 8, 11, 68]": 5
          },
          "[:if, 3, 19, 22, 19, 87]": {
            "[:then, 4, 19, 36, 19, 79]": 4,
            "[:else, 5, 19, 82, 19, 87]": 2
          },
          "[:if, 6, 38, 8, 38, 75]": {
            "[:then, 7, 38, 8, 38, 60]": 1,
            "[:else, 8, 38, 8, 38, 75]": 4
          },
          "[:if, 9, 44, 23, 44, 76]": {
            "[:then, 10, 44, 54, 44, 62]": 1,
            "[:else, 11, 44, 65, 44, 76]": 3
          },
          "[:if, 12, 48, 23, 48, 88]": {
            "[:then, 13, 48, 37, 48, 80]": 3,
            "[:else, 14, 48, 83, 48, 88]": 1
          },
          "[:if, 15, 58, 14, 58, 81]": {
            "[:then, 16, 58, 37, 58, 73]": 2,
            "[:else, 17, 58, 76, 58, 81]": 2
          },
          "[:if, 18, 67, 17, 73, 11]": {
            "[:then, 19, 68, 10, 70, 78]": 2,
            "[:else, 20, 72, 10, 72, 44]": 9
          },
          "[:if, 21, 77, 8, 80, 11]": {
            "[:then, 22, 78, 10, 79, 33]": 3,
            "[:else, 23, 77, 8, 80, 11]": 8
          },
          "[:if, 24, 92, 23, 92, 88]": {
            "[:then, 25, 92, 37, 92, 80]": 7,
            "[:else, 26, 92, 83, 92, 88]": 2
          },
          "[:if, 27, 94, 10, 104, 13]": {
            "[:then, 28, 95, 12, 96, 65]": 1,
            "[:else, 29, 97, 10, 104, 13]": 8
          },
          "[:if, 30, 97, 10, 104, 13]": {
            "[:then, 31, 98, 12, 99, 110]": 6,
            "[:else, 32, 101, 12, 103, 121]": 2
          },
          "[:if, 33, 99, 21, 99, 110]": {
            "[:then, 34, 99, 51, 99, 96]": 4,
            "[:else, 35, 99, 99, 99, 110]": 2
          },
          "[:if, 36, 103, 56, 103, 77]": {
            "[:then, 37, 103, 56, 103, 59]": 0,
            "[:else, 38, 103, 56, 103, 77]": 2
          },
          "[:if, 39, 114, 8, 114, 56]": {
            "[:then, 40, 114, 8, 114, 34]": 1,
            "[:else, 41, 114, 8, 114, 56]": 9
          },
          "[:if, 42, 117, 21, 121, 11]": {
            "[:then, 43, 118, 10, 118, 53]": 8,
            "[:else, 44, 120, 10, 120, 106]": 1
          },
          "[:if, 45, 123, 67, 123, 97]": {
            "[:then, 46, 123, 67, 123, 70]": 1,
            "[:else, 47, 123, 67, 123, 97]": 8
          },
          "[:if, 48, 133, 14, 133, 66]": {
            "[:then, 49, 133, 35, 133, 58]": 9,
            "[:else, 50, 133, 61, 133, 66]": 1
          },
          "[:if, 51, 135, 14, 135, 67]": {
            "[:then, 52, 135, 35, 135, 59]": 8,
            "[:else, 53, 135, 62, 135, 67]": 2
          },
          "[:if, 54, 142, 8, 161, 11]": {
            "[:then, 55, 143, 10, 160, 13]": 3,
            "[:else, 56, 142, 8, 161, 11]": 6
          },
          "[:if, 57, 150, 12, 157, 15]": {
            "[:then, 58, 151, 14, 152, 180]": 3,
            "[:else, 59, 154, 14, 156, 158]": 1
          },
          "[:if, 60, 151, 23, 151, 68]": {
            "[:then, 61, 151, 53, 151, 59]": 3,
            "[:else, 62, 151, 62, 151, 68]": 0
          },
          "[:if, 63, 152, 23, 152, 180]": {
            "[:then, 64, 152, 53, 152, 132]": 3,
            "[:else, 65, 152, 135, 152, 180]": 0
          },
          "[:if, 66, 156, 58, 156, 79]": {
            "[:then, 67, 156, 58, 156, 61]": 1,
            "[:else, 68, 156, 58, 156, 79]": 0
          },
          "[:if, 69, 168, 8, 168, 70]": {
            "[:then, 70, 168, 8, 168, 55]": 1,
            "[:else, 71, 168, 8, 168, 70]": 6
          },
          "[:if, 72, 177, 20, 177, 84]": {
            "[:then, 73, 177, 29, 177, 75]": 6,
            "[:else, 74, 177, 78, 177, 84]": 1
          },
          "[:if, 75, 178, 20, 178, 114]": {
            "[:then, 76, 178, 39, 178, 105]": 6,
            "[:else, 77, 178, 108, 178, 114]": 1
          },
          "[:if, 78, 187, 8, 187, 73]": {
            "[:then, 79, 187, 8, 187, 58]": 1,
            "[:else, 80, 187, 8, 187, 73]": 3
          },
          "[:if, 81, 197, 20, 197, 84]": {
            "[:then, 82, 197, 29, 197, 75]": 3,
            "[:else, 83, 197, 78, 197, 84]": 1
          },
          "[:if, 84, 198, 20, 198, 114]": {
            "[:then, 85, 198, 39, 198, 105]": 3,
            "[:else, 86, 198, 108, 198, 114]": 1
          },
          "[:if, 87, 207, 17, 211, 11]": {
            "[:then, 88, 208, 10, 208, 96]": 2,
            "[:else, 89, 210, 10, 210, 48]": 3
          },
          "[:if, 90, 215, 8, 219, 11]": {
            "[:then, 91, 216, 10, 218, 33]": 1,
            "[:else, 92, 215, 8, 219, 11]": 4
          },
          "[:unless, 93, 221, 8, 236, 11]": {
            "[:else, 94, 221, 8, 236, 11]": 1,
            "[:then, 95, 222, 10, 235, 25]": 3
          },
          "[:unless, 96, 238, 8, 245, 11]": {
            "[:else, 97, 238, 8, 245, 11]": 2,
            "[:then, 98, 239, 10, 244, 13]": 2
          },
          "[:if, 99, 252, 17, 258, 11]": {
            "[:then, 100, 253, 10, 255, 67]": 2,
            "[:else, 101, 257, 10, 257, 26]": 10
          },
          "[:unless, 102, 263, 8, 283, 11]": {
            "[:else, 103, 263, 8, 283, 11]": 2,
            "[:then, 104, 264, 10, 282, 21]": 10
          },
          "[:if, 105, 269, 23, 276, 17]": {
            "[:then, 106, 270, 16, 271, 43]": 1,
            "[:else, 107, 272, 14, 276, 17]": 10
          },
          "[:if, 108, 270, 28, 270, 92]": {
            "[:then, 109, 270, 46, 270, 86]": 1,
            "[:else, 110, 270, 89, 270, 92]": 0
          },
          "[:if, 111, 272, 14, 276, 17]": {
            "[:then, 112, 273, 16, 273, 35]": 1,
            "[:else, 113, 275, 16, 275, 31]": 9
          },
          "[:if, 114, 277, 45, 277, 93]": {
            "[:then, 115, 277, 66, 277, 85]": 10,
            "[:else, 116, 277, 88, 277, 93]": 1
          },
          "[:unless, 117, 287, 8, 309, 11]": {
            "[:else, 118, 287, 8, 309, 11]": 4,
            "[:then, 119, 288, 10, 308, 21]": 8
          },
          "[:unless, 120, 289, 10, 304, 13]": {
            "[:else, 121, 289, 10, 304, 13]": 1,
            "[:then, 122, 290, 12, 303, 27]": 7
          },
          "[:unless, 123, 305, 10, 307, 13]": {
            "[:else, 124, 305, 10, 307, 13]": 0,
            "[:then, 125, 306, 12, 306, 105]": 8
          },
          "[:unless, 126, 312, 8, 321, 11]": {
            "[:else, 127, 312, 8, 321, 11]": 4,
            "[:then, 128, 313, 10, 320, 21]": 8
          },
          "[:if, 129, 317, 18, 317, 78]": {
            "[:then, 130, 317, 30, 317, 70]": 9,
            "[:else, 131, 317, 73, 317, 78]": 0
          },
          "[:unless, 132, 324, 8, 338, 11]": {
            "[:else, 133, 324, 8, 338, 11]": 3,
            "[:then, 134, 325, 10, 337, 21]": 9
          },
          "[:if, 135, 327, 21, 327, 59]": {
            "[:then, 136, 327, 46, 327, 51]": 9,
            "[:else, 137, 327, 54, 327, 59]": 0
          },
          "[:if, 138, 328, 21, 334, 15]": {
            "[:then, 139, 329, 14, 329, 96]": 7,
            "[:else, 140, 330, 12, 334, 15]": 2
          },
          "[:if, 141, 330, 12, 334, 15]": {
            "[:then, 142, 331, 14, 331, 31]": 1,
            "[:else, 143, 333, 14, 333, 16]": 1
          },
          "[:if, 144, 344, 8, 344, 61]": {
            "[:then, 145, 344, 8, 344, 45]": 1,
            "[:else, 146, 344, 8, 344, 61]": 7
          },
          "[:if, 147, 348, 18, 348, 58]": {
            "[:then, 148, 348, 37, 348, 53]": 2,
            "[:else, 149, 348, 56, 348, 58]": 6
          },
          "[:if, 150, 349, 19, 349, 67]": {
            "[:then, 151, 349, 53, 349, 62]": 1,
            "[:else, 152, 349, 65, 349, 67]": 7
          },
          "[:if, 153, 353, 10, 375, 13]": {
            "[:then, 154, 354, 12, 354, 49]": 6,
            "[:else, 155, 356, 12, 374, 28]": 2
          },
          "[:if, 156, 362, 26, 362, 91]": {
            "[:then, 157, 362, 40, 362, 83]": 2,
            "[:else, 158, 362, 86, 362, 91]": 0
          },
          "[:if, 159, 369, 18, 369, 85]": {
            "[:then, 160, 369, 41, 369, 77]": 2,
            "[:else, 161, 369, 80, 369, 85]": 0
          },
          "[:if, 162, 382, 8, 382, 98]": {
            "[:then, 163, 382, 8, 382, 83]": 1,
            "[:else, 164, 382, 8, 382, 98]": 3
          },
          "[:if, 165, 389, 23, 389, 106]": {
            "[:then, 166, 389, 46, 389, 96]": 3,
            "[:else, 167, 389, 101, 389, 106]": 3
          },
          "[:if, 168, 390, 23, 390, 106]": {
            "[:then, 169, 390, 46, 390, 98]": 2,
            "[:else, 170, 390, 101, 390, 106]": 4
          },
          "[:if, 171, 391, 23, 391, 97]": {
            "[:then, 172, 391, 61, 391, 66]": 1,
            "[:else, 173, 391, 69, 391, 97]": 5
          },
          "[:if, 174, 392, 23, 392, 98]": {
            "[:then, 175, 392, 61, 392, 66]": 2,
            "[:else, 176, 392, 69, 392, 98]": 4
          },
          "[:if, 177, 393, 23, 393, 96]": {
            "[:then, 178, 393, 50, 393, 87]": 3,
            "[:else, 179, 393, 91, 393, 96]": 3
          },
          "[:if, 180, 402, 8, 402, 90]": {
            "[:then, 181, 402, 8, 402, 75]": 1,
            "[:else, 182, 402, 8, 402, 90]": 3
          },
          "[:if, 183, 407, 24, 407, 135]": {
            "[:then, 184, 407, 47, 407, 121]": 2,
            "[:else, 185, 407, 130, 407, 135]": 1
          },
          "[:if, 186, 408, 24, 408, 148]": {
            "[:then, 187, 408, 52, 408, 140]": 1,
            "[:else, 188, 408, 143, 408, 148]": 2
          },
          "[:if, 189, 411, 49, 411, 114]": {
            "[:then, 190, 411, 73, 411, 99]": 2,
            "[:else, 191, 411, 109, 411, 114]": 1
          },
          "[:if, 192, 412, 49, 412, 114]": {
            "[:then, 193, 412, 73, 412, 106]": 1,
            "[:else, 194, 412, 109, 412, 114]": 2
          },
          "[:\"&.\", 195, 423, 11, 423, 44]": {
            "[:then, 196, 423, 11, 423, 44]": 4,
            "[:else, 197, 423, 11, 423, 44]": 1
          },
          "[:if, 198, 423, 8, 433, 11]": {
            "[:then, 199, 424, 10, 432, 21]": 3,
            "[:else, 200, 423, 8, 433, 11]": 2
          },
          "[:if, 201, 424, 22, 424, 90]": {
            "[:then, 202, 424, 49, 424, 70]": 2,
            "[:else, 203, 424, 73, 424, 90]": 1
          },
          "[:if, 204, 429, 42, 429, 93]": {
            "[:then, 205, 429, 59, 429, 85]": 3,
            "[:else, 206, 429, 88, 429, 93]": 0
          },
          "[:\"&.\", 207, 435, 11, 435, 45]": {
            "[:then, 208, 435, 11, 435, 45]": 4,
            "[:else, 209, 435, 11, 435, 45]": 1
          },
          "[:if, 210, 435, 8, 444, 11]": {
            "[:then, 211, 436, 10, 443, 49]": 2,
            "[:else, 212, 435, 8, 444, 11]": 3
          },
          "[:if, 213, 436, 22, 436, 94]": {
            "[:then, 214, 436, 51, 436, 72]": 1,
            "[:else, 215, 436, 75, 436, 94]": 1
          },
          "[:if, 216, 441, 42, 441, 107]": {
            "[:then, 217, 441, 66, 441, 99]": 2,
            "[:else, 218, 441, 102, 441, 107]": 0
          },
          "[:if, 219, 452, 8, 452, 53]": {
            "[:then, 220, 452, 12, 452, 45]": 29,
            "[:else, 221, 452, 48, 452, 53]": 0
          },
          "[:if, 222, 456, 8, 456, 41]": {
            "[:then, 223, 456, 12, 456, 33]": 9,
            "[:else, 224, 456, 36, 456, 41]": 0
          },
          "[:unless, 225, 460, 8, 460, 66]": {
            "[:else, 226, 460, 8, 460, 66]": 3,
            "[:then, 227, 460, 8, 460, 17]": 0
          },
          "[:if, 228, 463, 16, 463, 37]": {
            "[:then, 229, 463, 29, 463, 32]": 3,
            "[:else, 230, 463, 35, 463, 37]": 0
          },
          "[:unless, 231, 468, 8, 468, 80]": {
            "[:else, 232, 468, 8, 468, 80]": 2,
            "[:then, 233, 468, 8, 468, 17]": 0
          },
          "[:if, 234, 471, 16, 471, 38]": {
            "[:then, 235, 471, 29, 471, 32]": 2,
            "[:else, 236, 471, 35, 471, 38]": 0
          },
          "[:if, 237, 483, 8, 483, 45]": {
            "[:then, 238, 483, 8, 483, 20]": 2,
            "[:else, 239, 483, 8, 483, 45]": 5
          },
          "[:if, 240, 485, 21, 485, 80]": {
            "[:then, 241, 485, 40, 485, 74]": 5,
            "[:else, 242, 485, 77, 485, 80]": 0
          },
          "[:if, 243, 489, 8, 495, 11]": {
            "[:then, 244, 490, 10, 490, 15]": 1,
            "[:else, 245, 491, 8, 495, 11]": 4
          },
          "[:if, 246, 491, 8, 495, 11]": {
            "[:then, 247, 492, 10, 492, 15]": 3,
            "[:else, 248, 494, 10, 494, 15]": 1
          }
        }
      },
      "/Users/joshuapowell/gems/gamechanger/lib/gamechanger/formatters/json.rb": {
        "lines": [
          null,
          null,
          1,
          null,
          1,
          1,
          1,
          1,
          8,
          null,
          null,
          1,
          2,
          null,
          1,
          null,
          null,
          null,
          1,
          2,
          null,
          null,
          1,
          6,
          null,
          6,
          null,
          null,
          6,
          6,
          null,
          null,
          null,
          6,
          null,
          3,
          null,
          3,
          3,
          null,
          3,
          null,
          null,
          null,
          null,
          null,
          null,
          null,
          null,
          null,
          6,
          null,
          null,
          null,
          null,
          null,
          null,
          null,
          1,
          7,
          null,
          6,
          null,
          null,
          null,
          null,
          null,
          null,
          null,
          null,
          null,
          null,
          7,
          null,
          7,
          null,
          6,
          null,
          null,
          null,
          null,
          null,
          null,
          null,
          6,
          null,
          null,
          null,
          7,
          6,
          null,
          6,
          null,
          null,
          6,
          null,
          null,
          null,
          7,
          null,
          7,
          null,
          null,
          null,
          null,
          null,
          null,
          null,
          7,
          null,
          null,
          null,
          null,
          null,
          null,
          null,
          null,
          null,
          1,
          6,
          6,
          6,
          6,
          6,
          6,
          6,
          6,
          null,
          6,
          6,
          null,
          6,
          6,
          4,
          3,
          1,
          null,
          null,
          null,
          6,
          null,
          null,
          null,
          null,
          null,
          6,
          6,
          null,
          null,
          null,
          null,
          6,
          null,
          null,
          1,
          1,
          null,
          1,
          null,
          null,
          null,
          1,
          2,
          null,
          null,
          null,
          null,
          2,
          null,
          null,
          null,
          null,
          null,
          null,
          null,
          null,
          2,
          null,
          null,
          null,
          null,
          null,
          null,
          1,
          3,
          3,
          null,
          2,
          null,
          null,
          null,
          2,
          null,
          null,
          null,
          null,
          null,
          3,
          null,
          null,
          1,
          2,
          null,
          null,
          2,
          null,
          null,
          null,
          null,
          null,
          null,
          2,
          null,
          null,
          null,
          null,
          null,
          null,
          null,
          null,
          2,
          null,
          null,
          null,
          null,
          null,
          null,
          null,
          1,
          2,
          null,
          null,
          null,
          null,
          null,
          null,
          null,
          2,
          null,
          null,
          null,
          null,
          null,
          null,
          null,
          null,
          2,
          null,
          null,
          null,
          null,
          null,
          1,
          4,
          4,
          4,
          4,
          null,
          4,
          null,
          null,
          null,
          null,
          null,
          4,
          null,
          null,
          null,
          null,
          null,
          4,
          null,
          null,
          null,
          null,
          null,
          null,
          1,
          null,
          1,
          7,
          null,
          null,
          null,
          null
        ],
        "branches": {
          "[:if, 0, 29, 22, 29, 110]": {
            "[:then, 1, 29, 40, 29, 103]": 6,
            "[:else, 2, 29, 107, 29, 110]": 0
          },
          "[:if, 3, 30, 22, 30, 110]": {
            "[:then, 4, 30, 40, 30, 104]": 5,
            "[:else, 5, 30, 107, 30, 110]": 1
          },
          "[:if, 6, 34, 21, 49, 11]": {
            "[:then, 7, 35, 10, 48, 11]": 3,
            "[:else, 8, 34, 21, 49, 11]": 3
          },
          "[:\"&.\", 9, 68, 33, 68, 54]": {
            "[:then, 10, 68, 33, 68, 54]": 6,
            "[:else, 11, 68, 33, 68, 54]": 0
          },
          "[:if, 12, 95, 32, 95, 102]": {
            "[:then, 13, 95, 44, 95, 96]": 6,
            "[:else, 14, 95, 99, 95, 102]": 0
          },
          "[:\"&.\", 15, 103, 29, 103, 57]": {
            "[:then, 16, 103, 29, 103, 57]": 6,
            "[:else, 17, 103, 29, 103, 57]": 1
          },
          "[:\"&.\", 18, 104, 29, 104, 53]": {
            "[:then, 19, 104, 29, 104, 53]": 6,
            "[:else, 20, 104, 29, 104, 53]": 1
          },
          "[:if, 21, 129, 23, 129, 82]": {
            "[:then, 22, 129, 42, 129, 76]": 5,
            "[:else, 23, 129, 79, 129, 82]": 1
          },
          "[:if, 24, 130, 23, 130, 88]": {
            "[:then, 25, 130, 45, 130, 82]": 4,
            "[:else, 26, 130, 85, 130, 88]": 2
          },
          "[:if, 27, 132, 18, 132, 52]": {
            "[:then, 28, 132, 27, 132, 46]": 4,
            "[:else, 29, 132, 49, 132, 52]": 2
          },
          "[:if, 30, 133, 18, 137, 20]": {
            "[:then, 31, 133, 38, 133, 43]": 2,
            "[:else, 32, 134, 17, 137, 20]": 4
          },
          "[:if, 33, 134, 17, 137, 20]": {
            "[:then, 34, 134, 40, 134, 45]": 1,
            "[:else, 35, 135, 17, 137, 20]": 3
          },
          "[:if, 36, 135, 17, 137, 20]": {
            "[:then, 37, 135, 41, 135, 46]": 2,
            "[:else, 38, 136, 22, 136, 27]": 1
          },
          "[:if, 39, 146, 27, 146, 67]": {
            "[:then, 40, 146, 36, 146, 61]": 5,
            "[:else, 41, 146, 64, 146, 67]": 1
          },
          "[:if, 42, 147, 27, 147, 97]": {
            "[:then, 43, 147, 46, 147, 91]": 5,
            "[:else, 44, 147, 94, 147, 97]": 1
          },
          "[:\"&.\", 45, 148, 27, 148, 43]": {
            "[:then, 46, 148, 27, 148, 43]": 4,
            "[:else, 47, 148, 27, 148, 43]": 2
          },
          "[:\"&.\", 48, 185, 16, 185, 46]": {
            "[:then, 49, 185, 16, 185, 46]": 2,
            "[:else, 50, 185, 16, 185, 46]": 1
          },
          "[:if, 51, 192, 39, 192, 108]": {
            "[:then, 52, 192, 65, 192, 102]": 1,
            "[:else, 53, 192, 105, 192, 108]": 1
          },
          "[:\"&.\", 54, 207, 33, 207, 61]": {
            "[:then, 55, 207, 33, 207, 61]": 1,
            "[:else, 56, 207, 33, 207, 61]": 1
          },
          "[:\"&.\", 57, 208, 33, 208, 62]": {
            "[:then, 58, 208, 33, 208, 62]": 0,
            "[:else, 59, 208, 33, 208, 62]": 2
          },
          "[:\"&.\", 60, 209, 33, 209, 57]": {
            "[:then, 61, 209, 33, 209, 57]": 1,
            "[:else, 62, 209, 33, 209, 57]": 1
          },
          "[:if, 63, 212, 33, 212, 83]": {
            "[:then, 64, 212, 60, 212, 63]": 1,
            "[:else, 65, 212, 66, 212, 83]": 1
          },
          "[:\"&.\", 66, 216, 40, 216, 75]": {
            "[:then, 67, 216, 40, 216, 75]": 1,
            "[:else, 68, 216, 40, 216, 75]": 1
          },
          "[:\"&.\", 69, 217, 40, 217, 76]": {
            "[:then, 70, 217, 40, 217, 76]": 1,
            "[:else, 71, 217, 40, 217, 76]": 1
          },
          "[:\"&.\", 72, 218, 40, 218, 71]": {
            "[:then, 73, 218, 40, 218, 71]": 1,
            "[:else, 74, 218, 40, 218, 71]": 1
          },
          "[:if, 75, 221, 40, 221, 94]": {
            "[:then, 76, 221, 69, 221, 72]": 1,
            "[:else, 77, 221, 75, 221, 94]": 1
          },
          "[:\"&.\", 78, 233, 29, 233, 57]": {
            "[:then, 79, 233, 29, 233, 57]": 2,
            "[:else, 80, 233, 29, 233, 57]": 0
          },
          "[:\"&.\", 81, 234, 29, 234, 58]": {
            "[:then, 82, 234, 29, 234, 58]": 2,
            "[:else, 83, 234, 29, 234, 58]": 0
          },
          "[:\"&.\", 84, 235, 29, 235, 53]": {
            "[:then, 85, 235, 29, 235, 53]": 2,
            "[:else, 86, 235, 29, 235, 53]": 0
          },
          "[:if, 87, 238, 29, 238, 79]": {
            "[:then, 88, 238, 56, 238, 59]": 2,
            "[:else, 89, 238, 62, 238, 79]": 0
          },
          "[:\"&.\", 90, 242, 36, 242, 71]": {
            "[:then, 91, 242, 36, 242, 71]": 2,
            "[:else, 92, 242, 36, 242, 71]": 0
          },
          "[:\"&.\", 93, 243, 36, 243, 72]": {
            "[:then, 94, 243, 36, 243, 72]": 2,
            "[:else, 95, 243, 36, 243, 72]": 0
          },
          "[:\"&.\", 96, 244, 36, 244, 67]": {
            "[:then, 97, 244, 36, 244, 67]": 2,
            "[:else, 98, 244, 36, 244, 67]": 0
          },
          "[:if, 99, 247, 36, 247, 90]": {
            "[:then, 100, 247, 65, 247, 68]": 2,
            "[:else, 101, 247, 71, 247, 90]": 0
          },
          "[:if, 102, 265, 33, 265, 82]": {
            "[:then, 103, 265, 41, 265, 78]": 3,
            "[:else, 104, 265, 81, 265, 82]": 1
          }
        }
      },
      "/Users/joshuapowell/gems/gamechanger/lib/gamechanger/formatters/markdown.rb": {
        "lines": [
          null,
          null,
          1,
          1,
          1,
          1,
          4,
          null,
          3,
          3,
          4,
          4,
          4,
          4,
          null,
          4,
          null,
          null,
          null,
          null,
          null,
          null,
          null,
          null,
          null,
          null,
          null,
          3,
          null,
          null,
          1,
          4,
          null,
          3,
          3,
          3,
          3,
          3,
          3,
          3,
          3,
          null,
          3,
          null,
          null,
          null,
          null,
          null,
          null,
          null,
          3,
          null,
          null,
          null,
          3,
          3,
          null,
          null,
          1,
          9,
          1,
          1,
          1,
          null,
          8,
          null,
          null,
          9,
          null,
          9,
          2,
          2,
          null,
          null,
          7,
          7,
          7,
          7,
          7,
          7,
          7,
          7,
          7,
          null,
          7,
          null,
          7,
          1,
          1,
          6,
          4,
          4,
          null,
          2,
          2,
          2,
          null,
          null,
          7,
          null,
          null,
          7,
          7,
          null,
          null,
          1,
          10,
          null,
          9,
          9,
          8,
          null,
          1,
          null,
          null,
          9,
          null,
          9,
          9,
          null,
          10,
          null,
          null,
          null,
          10,
          null,
          10,
          null,
          null,
          null,
          9,
          null,
          9,
          4,
          4,
          4,
          4,
          4,
          4,
          4,
          null,
          4,
          3,
          3,
          null,
          1,
          1,
          1,
          null,
          null,
          4,
          null,
          null,
          null,
          9,
          9,
          null,
          null,
          1,
          5,
          null,
          4,
          4,
          4,
          4,
          4,
          4,
          4,
          4,
          4,
          null,
          null,
          4,
          null,
          null,
          1,
          3,
          null,
          2,
          2,
          2,
          2,
          2,
          2,
          2,
          2,
          2,
          2,
          null,
          null,
          2,
          2,
          null,
          null,
          1,
          5,
          1,
          null,
          4,
          null,
          null,
          5,
          null,
          5,
          1,
          1,
          1,
          null,
          null,
          4,
          4,
          4,
          null,
          4,
          null,
          4,
          4,
          null,
          null,
          null,
          4,
          null,
          null,
          4,
          1,
          1,
          1,
          1,
          1,
          null,
          null,
          null,
          4,
          4,
          null,
          null,
          1,
          11,
          1,
          1,
          1,
          null,
          10,
          null,
          null,
          11,
          null,
          null,
          11,
          4,
          4,
          4,
          4,
          4,
          4,
          2,
          2,
          2,
          1,
          null,
          1,
          null,
          4,
          null,
          4,
          4,
          null,
          null,
          null,
          11,
          11,
          1,
          1,
          1,
          1,
          1,
          1,
          null,
          1,
          null,
          1,
          1,
          null,
          null,
          null,
          1,
          null,
          1,
          1,
          1,
          null,
          1,
          null,
          null,
          null,
          11,
          1,
          1,
          1,
          1,
          1,
          1,
          1,
          1,
          null,
          1,
          null,
          null,
          null,
          11,
          3,
          3,
          3,
          3,
          3,
          1,
          2,
          1,
          null,
          1,
          null,
          3,
          null,
          3,
          null,
          null,
          11,
          null,
          null,
          1,
          6,
          null,
          5,
          5,
          6,
          6,
          6,
          6,
          null,
          6,
          6,
          5,
          null,
          1,
          1,
          1,
          1,
          1,
          1,
          null,
          1,
          null,
          null,
          null,
          null,
          1,
          null,
          null,
          1,
          null,
          6,
          null,
          5,
          null,
          null,
          1,
          2,
          null,
          1,
          1,
          1,
          1,
          1,
          1,
          1,
          1,
          1,
          null,
          null,
          1,
          null,
          null,
          1,
          3,
          null,
          2,
          2,
          2,
          2,
          null,
          2,
          2,
          2,
          null,
          null,
          null,
          2,
          null,
          null,
          1,
          3,
          null,
          3,
          2,
          2,
          2,
          2,
          2,
          2,
          2,
          2,
          2,
          2,
          2,
          2,
          null,
          null,
          3,
          2,
          2,
          2,
          2,
          2,
          2,
          2,
          2,
          2,
          2,
          2,
          null,
          null,
          3,
          null,
          null,
          1,
          null,
          1,
          34,
[...]
          },
          "[:if, 186, 392, 47, 392, 112]": {
            "[:then, 187, 392, 71, 392, 97]": 1,
            "[:else, 188, 392, 107, 392, 112]": 1
          },
          "[:if, 189, 393, 47, 393, 112]": {
            "[:then, 190, 393, 71, 393, 104]": 1,
            "[:else, 191, 393, 107, 393, 112]": 1
          },
          "[:\"&.\", 192, 403, 11, 403, 44]": {
            "[:then, 193, 403, 11, 403, 44]": 3,
            "[:else, 194, 403, 11, 403, 44]": 0
          },
          "[:if, 195, 403, 8, 416, 11]": {
            "[:then, 196, 404, 10, 415, 21]": 2,
            "[:else, 197, 403, 8, 416, 11]": 1
          },
          "[:if, 198, 404, 22, 404, 92]": {
            "[:then, 199, 404, 49, 404, 72]": 1,
            "[:else, 200, 404, 75, 404, 92]": 1
          },
          "[:if, 201, 412, 39, 412, 90]": {
            "[:then, 202, 412, 56, 412, 82]": 2,
            "[:else, 203, 412, 85, 412, 90]": 0
          },
          "[:\"&.\", 204, 418, 11, 418, 45]": {
            "[:then, 205, 418, 11, 418, 45]": 3,
            "[:else, 206, 418, 11, 418, 45]": 0
          },
          "[:if, 207, 418, 8, 430, 11]": {
            "[:then, 208, 419, 10, 429, 45]": 2,
            "[:else, 209, 418, 8, 430, 11]": 1
          },
          "[:if, 210, 419, 22, 419, 96]": {
            "[:then, 211, 419, 51, 419, 74]": 1,
            "[:else, 212, 419, 77, 419, 96]": 1
          },
          "[:if, 213, 427, 41, 427, 106]": {
            "[:then, 214, 427, 65, 427, 98]": 2,
            "[:else, 215, 427, 101, 427, 106]": 0
          },
          "[:if, 216, 452, 8, 452, 53]": {
            "[:then, 217, 452, 12, 452, 45]": 11,
            "[:else, 218, 452, 48, 452, 53]": 0
          },
          "[:if, 219, 456, 8, 456, 41]": {
            "[:then, 220, 456, 12, 456, 33]": 9,
            "[:else, 221, 456, 36, 456, 41]": 0
          },
          "[:unless, 222, 460, 8, 460, 66]": {
            "[:else, 223, 460, 8, 460, 66]": 2,
            "[:then, 224, 460, 8, 460, 17]": 0
          },
          "[:if, 225, 463, 16, 463, 37]": {
            "[:then, 226, 463, 29, 463, 32]": 2,
            "[:else, 227, 463, 35, 463, 37]": 0
          },
          "[:unless, 228, 468, 8, 468, 80]": {
            "[:else, 229, 468, 8, 468, 80]": 2,
            "[:then, 230, 468, 8, 468, 17]": 0
          },
          "[:if, 231, 471, 16, 471, 38]": {
            "[:then, 232, 471, 29, 471, 32]": 2,
            "[:else, 233, 471, 35, 471, 38]": 0
          },
          "[:if, 234, 483, 8, 483, 45]": {
            "[:then, 235, 483, 8, 483, 20]": 0,
            "[:else, 236, 483, 8, 483, 45]": 4
          },
          "[:if, 237, 485, 21, 485, 80]": {
            "[:then, 238, 485, 40, 485, 74]": 4,
            "[:else, 239, 485, 77, 485, 80]": 0
          },
          "[:if, 240, 489, 8, 495, 11]": {
            "[:then, 241, 490, 10, 490, 15]": 2,
            "[:else, 242, 491, 8, 495, 11]": 2
          },
          "[:if, 243, 491, 8, 495, 11]": {
            "[:then, 244, 492, 10, 492, 15]": 1,
            "[:else, 245, 494, 10, 494, 15]": 1
          }
        }
      },
      "/Users/joshuapowell/gems/gamechanger/lib/gamechanger/cli.rb": {
        "lines": [
          null,
          null,
          1,
          null,
          1,
          1,
          1,
          null,
          1,
          null,
          1,
          null,
          null,
          null,
          null,
          1,
          1,
          17,
          17,
          null,
          17,
          17,
          17,
          null,
          17,
          17,
          17,
          null,
          17,
          null,
          17,
          null,
          3,
          3,
          null,
          1,
          1,
          null,
          null,
          null,
          13,
          null,
          13,
          null,
          null,
          12,
          9,
          3,
          2,
          null,
          1,
          null,
          null,
          12,
          2,
          10,
          6,
          6,
          6,
          6,
          null,
          4,
          4,
          8,
          null,
          4,
          4,
          4,
          4,
          null,
          null,
          12,
          3,
          3,
          3,
          3,
          3,
          null,
          null,
          1,
          1,
          null,
          null,
          13,
          13,
          13,
          null,
          null,
          null,
          null,
          1,
          1,
          1,
          1,
          null,
          1,
          null,
          1,
          17,
          16,
          16,
          16,
          11,
          null,
          11,
          null,
          11,
          5,
          6,
          3,
          null,
          3,
          null,
          null,
          1,
          1,
          null,
          1,
          1,
          null,
          1,
          1,
          null,
          1,
          1,
          1,
          null,
          1,
          1,
          1,
          null,
          17,
          null,
          null,
          null,
          null,
          1,
          1,
          8,
          7,
          7,
          7,
          2,
          2,
          2,
          2,
          null,
          1,
          1,
          null,
          1,
          1,
          null,
          1,
          1,
          null,
          1,
          1,
          1,
          null,
          1,
          1,
          null,
          8,
          null,
          null,
          null,
          null,
          1,
          1,
          1,
          5,
          5,
          2,
          2,
          1,
          1,
          null,
          1,
          1,
          1,
          null,
          5,
          null,
          null,
          null,
          null,
          1,
          1,
          1,
          1,
          1,
          1,
          1,
          1,
          10,
          10,
          4,
          4,
          null,
          4,
          2,
          2,
          null,
          null,
          2,
          2,
          2,
          null,
          null,
          null,
          null,
          null,
          null,
          null,
          2,
          1,
          1,
          null,
          1,
          1,
          1,
          null,
          10,
          null,
          null,
          null,
          null,
          1,
          1,
          1,
          6,
          6,
          null,
          6,
          3,
          null,
          3,
          null,
          null,
          1,
          1,
          1,
          null,
          6,
          null,
          null,
          null,
          null,
          1,
          1,
          1,
          4,
          4,
          2,
          1,
          1,
          1,
          null,
          1,
          1,
          1,
          null,
          4,
          null,
          null,
          null,
          null,
          1,
          1,
          4,
          4,
          4,
          null,
          1,
          1,
          1,
          null,
          4,
          null,
          null,
          null,
          null,
          1,
          1,
          1,
          1,
          7,
          7,
          7,
          1,
          6,
          2,
          null,
          4,
          null,
          null,
          1,
          1,
          1,
          null,
          7,
          null,
          null,
          null,
          null,
          1,
          1,
          1,
          5,
          5,
          null,
          1,
          1,
          1,
          1,
          null,
          1,
          null,
          null,
          null,
          null,
          null,
          null,
          null,
          null,
          1,
          1,
          null,
          1,
          1,
          1,
          null,
          5,
          null,
          null,
          null,
          null,
          1,
          1,
          1,
          null,
          null,
          1,
          null,
          1,
          41,
          null,
          null,
          1,
          32,
          1,
          1,
          30,
          null,
          null,
          null,
          1,
          25,
          25,
          2,
          2,
          null,
          23,
          null,
          null,
          1,
          3,
          3,
          null,
          null,
          1,
          3,
          null,
          3,
          1,
          1,
          null,
          null,
          null,
          2,
          1,
          3,
          1,
          null,
          null,
          null,
          1,
          1,
          null,
          null,
          1,
          5,
          1,
          1,
          null,
          null,
          4,
          null,
          4,
          1,
          1,
          null,
          null,
          3,
          2,
          2,
          1,
          1,
          null,
          1,
          null,
          null,
          2,
          null,
          null,
          1,
          14,
          null,
          5,
          null,
          3,
          3,
          null,
          null,
          9,
          8,
          5,
          5,
          null,
          3,
          null,
          null,
          null,
          null,
          null,
          1,
          10,
          3,
          3,
          null,
          3,
          null,
          1,
          1,
          null,
          2,
          null,
          7,
          null,
          4,
          null,
          1,
          1,
          null,
          null,
          3,
          null,
          1,
          null,
          1,
          1,
          null,
          null,
          2,
          null,
          null,
          2,
          2,
          1,
          1,
          null,
          1,
          null,
          null,
          3,
          2,
          1,
          1,
          null,
          1,
          null,
          null,
          null,
          null,
          1,
          2,
          null,
          1,
          null,
          1,
          1,
          null,
          null,
          1,
          1,
          null,
          null,
          null,
          1,
          4,
          3,
          2,
          2,
          null,
          1,
          1,
          null,
          null,
          1,
          3,
          4,
          3,
          2,
          2,
          null,
          null,
          1,
          1,
          1,
          1,
          null,
          null,
          1,
          4,
          3,
          2,
          2,
          null,
          1,
          null,
          null,
          1,
          3,
          2,
          1,
          1,
          null,
          1,
          null,
          null,
          1,
          3,
          null,
          3,
          1,
          1,
          null,
          null,
          2,
          1,
          3,
          1,
          null,
          null,
          1,
          1,
          null,
          null,
          1,
          1,
          null,
          null,
          null
        ],
        "branches": {
          "[:if, 0, 46, 21, 52, 24]": {
            "[:then, 1, 47, 23, 47, 37]": 9,
            "[:else, 2, 48, 21, 52, 24]": 3
          },
          "[:if, 3, 48, 21, 52, 24]": {
            "[:then, 4, 49, 23, 49, 78]": 2,
            "[:else, 5, 51, 23, 51, 25]": 1
          },
          "[:if, 6, 54, 8, 70, 11]": {
            "[:then, 7, 55, 10, 55, 57]": 2,
            "[:else, 8, 56, 8, 70, 11]": 10
          },
          "[:if, 9, 56, 8, 70, 11]": {
            "[:then, 10, 57, 10, 60, 58]": 6,
            "[:else, 11, 62, 10, 69, 72]": 4
          },
          "[:\"&.\", 12, 68, 22, 68, 41]": {
            "[:then, 13, 68, 22, 68, 41]": 4,
            "[:else, 14, 68, 22, 68, 41]": 0
          },
          "[:\"&.\", 15, 69, 22, 69, 43]": {
            "[:then, 16, 69, 22, 69, 43]": 4,
            "[:else, 17, 69, 22, 69, 43]": 0
          },
          "[:\"&.\", 18, 69, 47, 69, 72]": {
            "[:then, 19, 69, 47, 69, 72]": 0,
            "[:else, 20, 69, 47, 69, 72]": 0
          },
          "[:if, 21, 72, 8, 78, 11]": {
            "[:then, 22, 73, 10, 77, 45]": 3,
            "[:else, 23, 72, 8, 78, 11]": 9
          },
          "[:if, 24, 77, 10, 77, 45]": {
            "[:then, 25, 77, 10, 77, 25]": 0,
            "[:else, 26, 77, 10, 77, 45]": 3
          },
          "[:\"&.\", 27, 132, 6, 132, 20]": {
            "[:then, 28, 132, 6, 132, 20]": 16,
            "[:else, 29, 132, 6, 132, 20]": 1
          },
          "[:if, 30, 101, 6, 101, 68]": {
            "[:then, 31, 101, 6, 101, 52]": 0,
            "[:else, 32, 101, 6, 101, 68]": 16
          },
          "[:if, 33, 103, 6, 103, 41]": {
            "[:then, 34, 103, 6, 103, 25]": 0,
            "[:else, 35, 103, 6, 103, 41]": 11
          },
          "[:if, 36, 107, 6, 113, 9]": {
            "[:then, 37, 108, 8, 108, 76]": 5,
            "[:else, 38, 109, 6, 113, 9]": 6
          },
          "[:if, 39, 109, 6, 113, 9]": {
            "[:then, 40, 110, 8, 110, 59]": 3,
            "[:else, 41, 112, 8, 112, 39]": 3
          },
          "[:\"&.\", 42, 164, 6, 164, 20]": {
            "[:then, 43, 164, 6, 164, 20]": 7,
            "[:else, 44, 164, 6, 164, 20]": 1
          },
          "[:unless, 45, 146, 26, 146, 47]": {
            "[:else, 46, 146, 26, 146, 47]": 0,
            "[:then, 47, 146, 26, 146, 29]": 2
          },
          "[:unless, 48, 146, 69, 146, 92]": {
            "[:else, 49, 146, 69, 146, 92]": 0,
            "[:then, 50, 146, 69, 146, 72]": 2
          },
          "[:unless, 51, 146, 114, 146, 137]": {
            "[:else, 52, 146, 114, 146, 137]": 0,
            "[:then, 53, 146, 114, 146, 117]": 2
          },
          "[:\"&.\", 54, 183, 6, 183, 20]": {
            "[:then, 55, 183, 6, 183, 20]": 5,
            "[:else, 56, 183, 6, 183, 20]": 0
          },
          "[:\"&.\", 57, 224, 6, 224, 20]": {
            "[:then, 58, 224, 6, 224, 20]": 10,
            "[:else, 59, 224, 6, 224, 20]": 0
          },
          "[:if, 60, 201, 6, 204, 9]": {
            "[:then, 61, 202, 8, 203, 14]": 2,
            "[:else, 62, 201, 6, 204, 9]": 2
          },
          "[:if, 63, 206, 18, 206, 78]": {
            "[:then, 64, 206, 35, 206, 73]": 0,
            "[:else, 65, 206, 76, 206, 78]": 2
          },
          "[:\"&.\", 66, 245, 6, 245, 20]": {
            "[:then, 67, 245, 6, 245, 20]": 6,
            "[:else, 68, 245, 6, 245, 20]": 0
          },
          "[:if, 69, 235, 6, 239, 9]": {
            "[:then, 70, 236, 8, 236, 57]": 3,
            "[:else, 71, 238, 8, 238, 40]": 3
          },
          "[:\"&.\", 72, 264, 6, 264, 20]": {
            "[:then, 73, 264, 6, 264, 20]": 4,
            "[:else, 74, 264, 6, 264, 20]": 0
          },
          "[:\"&.\", 75, 279, 6, 279, 20]": {
            "[:then, 76, 279, 6, 279, 20]": 4,
            "[:else, 77, 279, 6, 279, 20]": 0
          },
          "[:\"&.\", 78, 302, 6, 302, 20]": {
            "[:then, 79, 302, 6, 302, 20]": 7,
            "[:else, 80, 302, 6, 302, 20]": 0
          },
          "[:if, 81, 290, 6, 296, 9]": {
            "[:then, 82, 291, 8, 291, 72]": 1,
            "[:else, 83, 292, 6, 296, 9]": 6
          },
          "[:if, 84, 292, 6, 296, 9]": {
            "[:then, 85, 293, 8, 293, 75]": 2,
            "[:else, 86, 295, 8, 295, 41]": 4
          },
          "[:\"&.\", 87, 334, 6, 334, 20]": {
            "[:then, 88, 334, 6, 334, 20]": 5,
            "[:else, 89, 334, 6, 334, 20]": 0
          },
          "[:case, 90, 351, 6, 355, 9]": {
            "[:when, 91, 352, 27, 352, 47]": 1,
            "[:when, 92, 353, 27, 353, 51]": 1,
            "[:else, 93, 354, 27, 354, 48]": 30
          },
          "[:unless, 94, 360, 6, 363, 9]": {
            "[:else, 95, 360, 6, 363, 9]": 23,
            "[:then, 96, 361, 8, 362, 14]": 2
          },
          "[:if, 97, 375, 6, 378, 9]": {
            "[:then, 98, 376, 8, 377, 14]": 1,
            "[:else, 99, 375, 6, 378, 9]": 2
          },
          "[:if, 100, 381, 6, 385, 9]": {
            "[:then, 101, 382, 8, 384, 14]": 1,
            "[:else, 102, 381, 6, 385, 9]": 1
          },
          "[:\"&.\", 103, 388, 21, 388, 54]": {
            "[:then, 104, 388, 21, 388, 54]": 1,
            "[:else, 105, 388, 21, 388, 54]": 0
          },
          "[:unless, 106, 393, 6, 396, 9]": {
            "[:else, 107, 393, 6, 396, 9]": 4,
            "[:then, 108, 394, 8, 395, 14]": 1
          },
          "[:if, 109, 400, 6, 403, 9]": {
            "[:then, 110, 401, 8, 402, 14]": 1,
            "[:else, 111, 400, 6, 403, 9]": 3
          },
          "[:if, 112, 405, 6, 412, 9]": {
            "[:then, 113, 406, 8, 411, 28]": 2,
            "[:else, 114, 405, 6, 412, 9]": 1
          },
          "[:unless, 115, 407, 8, 410, 11]": {
            "[:else, 116, 407, 8, 410, 11]": 1,
            "[:then, 117, 408, 10, 409, 16]": 1
          },
          "[:if, 118, 418, 6, 432, 9]": {
            "[:then, 119, 419, 8, 424, 11]": 5,
            "[:else, 120, 426, 8, 431, 45]": 9
          },
          "[:if, 121, 427, 8, 430, 11]": {
            "[:then, 122, 428, 10, 429, 16]": 5,
            "[:else, 123, 427, 8, 430, 11]": 3
          },
          "[:if, 124, 438, 6, 482, 9]": {
            "[:then, 125, 439, 8, 448, 11]": 3,
            "[:else, 126, 449, 6, 482, 9]": 7
          },
          "[:if, 127, 449, 6, 482, 9]": {
            "[:then, 128, 450, 8, 473, 13]": 4,
            "[:else, 129, 476, 8, 481, 14]": 3
          },
          "[:if, 130, 457, 18, 466, 11]": {
            "[:then, 131, 458, 10, 463, 13]": 1,
            "[:else, 132, 465, 10, 465, 19]": 2
          },
          "[:if, 133, 469, 8, 472, 11]": {
            "[:then, 134, 470, 10, 471, 16]": 1,
            "[:else, 135, 469, 8, 472, 11]": 1
          },
          "[:if, 136, 477, 8, 480, 11]": {
            "[:then, 137, 478, 10, 479, 16]": 1,
            "[:else, 138, 477, 8, 480, 11]": 1
          },
          "[:if, 139, 487, 6, 497, 9]": {
            "[:then, 140, 488, 8, 493, 11]": 1,
            "[:else, 141, 495, 8, 496, 50]": 1
          },
          "[:if, 142, 496, 8, 496, 50]": {
            "[:then, 143, 496, 15, 496, 44]": 1,
            "[:else, 144, 496, 47, 496, 50]": 0
          },
          "[:if, 145, 502, 6, 505, 9]": {
            "[:then, 146, 503, 8, 504, 14]": 2,
            "[:else, 147, 502, 6, 505, 9]": 1
          },
          "[:unless, 148, 513, 6, 516, 9]": {
            "[:else, 149, 513, 6, 516, 9]": 1,
            "[:then, 150, 514, 8, 515, 14]": 2
          },
          "[:if, 151, 518, 19, 518, 106]": {
            "[:then, 152, 518, 36, 518, 99]": 0,
            "[:else, 153, 518, 104, 518, 106]": 1
          },
          "[:if, 154, 519, 19, 519, 106]": {
            "[:then, 155, 519, 36, 519, 101]": 1,
            "[:else, 156, 519, 104, 519, 106]": 0
          },
          "[:if, 157, 526, 6, 529, 9]": {
            "[:then, 158, 527, 8, 528, 14]": 2,
            "[:else, 159, 526, 6, 529, 9]": 1
          },
          "[:if, 160, 535, 6, 538, 9]": {
            "[:then, 161, 536, 8, 537, 14]": 1,
            "[:else, 162, 535, 6, 538, 9]": 1
          },
          "[:if, 163, 545, 6, 548, 9]": {
            "[:then, 164, 546, 8, 547, 14]": 1,
            "[:else, 165, 545, 6, 548, 9]": 2
          },
          "[:if, 166, 550, 6, 554, 9]": {
            "[:then, 167, 551, 8, 553, 14]": 1,
            "[:else, 168, 550, 6, 554, 9]": 1
          },
          "[:\"&.\", 169, 556, 20, 556, 52]": {
            "[:then, 170, 556, 20, 556, 52]": 1,
            "[:else, 171, 556, 20, 556, 52]": 0
          }
        }
      }
    },
    "timestamp": 1773938932
  }
}
